21:28:45 **** Incremental Build of configuration Debug for project COTS ****
make all 
Building file: ../MCAL/Timers/Timers_program.c
Invoking: AVR Compiler
avr-gcc -Wall -g2 -gstabs -O0 -fpack-struct -fshort-enums -ffunction-sections -fdata-sections -std=gnu99 -funsigned-char -funsigned-bitfields -mmcu=atmega32 -DF_CPU=1000000UL -MMD -MP -MF"MCAL/Timers/Timers_program.d" -MT"MCAL/Timers/Timers_program.o" -c -o "MCAL/Timers/Timers_program.o" "../MCAL/Timers/Timers_program.c"
Finished building: ../MCAL/Timers/Timers_program.c
 
Building target: COTS.elf
Invoking: AVR C Linker
avr-gcc -Wl,-Map,COTS.map -mmcu=atmega32 -o "COTS.elf"  ./MCAL/Timers/Timers_program.o  ./MCAL/PORT/PORT_program.o  ./MCAL/GIE/GIE_program.o  ./MCAL/External_Interrupt/EXI_program.o  ./MCAL/DIO/DIO_program.o  ./MCAL/ADC/ADC_porgram.o  ./HAL/SWITCH_DRIVER/SWITCH_program.o  ./HAL/SEVEN_SEG_DRIVER/SEVEN_SEG_program.o  ./HAL/LM35_DRIVER/LM35_program.o  ./HAL/LED_DRIVER/LED_program.o  ./HAL/LCD_DRIVER/LCD_program.o  ./HAL/KEYPAD_DRIVER/KPD_program.o  ./APP/Temp/Temp.o ./APP/Temp/main.o  ./APP/Ping_Pong/main.o ./APP/Ping_Pong/ping_pong.o  ./APP/EXTI_TEST/main.o  ./APP/Calculator_Project/calc.o ./APP/Calculator_Project/main.o   
Finished building target: COTS.elf
 
Invoking: AVR Create Extended Listing
avr-objdump -h -S COTS.elf  >"COTS.lss"
Finished building: COTS.lss
 
Create Flash image (ihex format)
avr-objcopy -R .eeprom -R .fuse -R .lock -R .signature -O ihex COTS.elf  "COTS.hex"
Finished building: COTS.hex
 
Invoking: Print Size
avr-size --format=avr --mcu=atmega32 COTS.elf
AVR Memory Usage
----------------
Device: atmega32

Program:   16438 bytes (50.2% Full)
(.text + .data + .bootloader)

Data:        467 bytes (22.8% Full)
(.data + .bss + .noinit)


Finished building: sizedummy
 

21:28:46 Build Finished (took 975ms)

