11:54:03 **** Incremental Build of configuration Debug for project LED_SNAKE ****
make all 
Building file: ../main.c
Invoking: AVR Compiler
avr-gcc -Wall -g2 -gstabs -O0 -fpack-struct -fshort-enums -ffunction-sections -fdata-sections -std=gnu99 -funsigned-char -funsigned-bitfields -mmcu=atmega32 -DF_CPU=1000000UL -MMD -MP -MF"main.d" -MT"main.o" -c -o "main.o" "../main.c"
In file included from ../main.c:14:
d:/interfacing_nti/imt_sdk_win_64/winavr/lib/gcc/../../avr/include/util/delay.h:90:3: warning: #warning "Compiler optimizations disabled; functions from <util/delay.h> won't work as designed"
Finished building: ../main.c
 
Building target: LED_SNAKE.elf
Invoking: AVR C Linker
avr-gcc -Wl,-Map,LED_SNAKE.map -mmcu=atmega32 -o "LED_SNAKE.elf"  ./main.o   
Finished building target: LED_SNAKE.elf
 
Invoking: AVR Create Extended Listing
avr-objdump -h -S LED_SNAKE.elf  >"LED_SNAKE.lss"
Finished building: LED_SNAKE.lss
 
Create Flash image (ihex format)
avr-objcopy -R .eeprom -R .fuse -R .lock -R .signature -O ihex LED_SNAKE.elf  "LED_SNAKE.hex"
Finished building: LED_SNAKE.hex
 
Invoking: Print Size
avr-size --format=avr --mcu=atmega32 LED_SNAKE.elf
AVR Memory Usage
----------------
Device: atmega32

Program:    3596 bytes (11.0% Full)
(.text + .data + .bootloader)

Data:          8 bytes (0.4% Full)
(.data + .bss + .noinit)


Finished building: sizedummy
 

11:54:04 Build Finished (took 643ms)

